2025-03-06 18:56:50,689 - INFO - База данных fitbeast уже существует.
2025-03-06 18:56:50,812 - INFO - Таблицы успешно созданы
2025-03-06 18:56:50,823 - ERROR - Ошибка при вставке данных из SQL файла: can't execute an empty query
2025-03-06 18:56:50,839 - INFO - Примерные данные для плейлистов успешно добавлены
2025-03-06 18:56:50,840 - INFO - Инициализация базы данных успешно завершена
2025-03-06 18:59:14,361 - INFO - База данных fitbeast уже существует.
2025-03-06 18:59:14,383 - INFO - Таблицы успешно созданы
2025-03-06 18:59:14,395 - ERROR - Ошибка при вставке данных из SQL файла: can't execute an empty query
2025-03-06 18:59:14,404 - ERROR - Ошибка при вставке примерных данных: duplicate key value violates unique constraint "music_genres_slug_key"
DETAIL:  Key (slug)=(hip-hop) already exists.

2025-03-06 18:59:14,404 - INFO - Инициализация базы данных успешно завершена
2025-03-06 19:00:16,962 - INFO - База данных fitbeast уже существует.
2025-03-06 19:00:16,985 - INFO - Таблицы успешно созданы
2025-03-06 19:00:16,998 - ERROR - Ошибка при вставке данных из SQL файла: can't execute an empty query
2025-03-06 19:00:17,007 - ERROR - Ошибка при вставке примерных данных: duplicate key value violates unique constraint "music_genres_slug_key"
DETAIL:  Key (slug)=(hip-hop) already exists.

2025-03-06 19:00:17,007 - INFO - Инициализация базы данных успешно завершена
2025-03-06 19:07:26,818 - INFO - База данных fitbeast уже существует.
2025-03-06 19:07:26,841 - INFO - Таблицы успешно созданы
2025-03-06 19:07:26,853 - ERROR - Ошибка при вставке данных из SQL файла: can't execute an empty query
2025-03-06 19:07:26,861 - ERROR - Ошибка при вставке примерных данных: duplicate key value violates unique constraint "music_genres_slug_key"
DETAIL:  Key (slug)=(hip-hop) already exists.

2025-03-06 19:07:26,862 - INFO - Инициализация базы данных успешно завершена
2025-03-06 19:15:57,010 - INFO - База данных fitbeast уже существует.
2025-03-06 19:15:57,036 - INFO - Таблицы успешно созданы
2025-03-06 19:15:57,049 - ERROR - Ошибка при вставке данных из SQL файла: can't execute an empty query
2025-03-06 19:15:57,058 - ERROR - Ошибка при вставке примерных данных: duplicate key value violates unique constraint "music_genres_slug_key"
DETAIL:  Key (slug)=(hip-hop) already exists.

2025-03-06 19:15:57,059 - INFO - Инициализация базы данных успешно завершена
2025-03-06 19:18:57,789 - INFO - База данных fitbeast уже существует.
2025-03-06 19:18:57,810 - INFO - Таблицы успешно созданы
2025-03-06 19:18:57,822 - ERROR - Ошибка при вставке данных из SQL файла: can't execute an empty query
2025-03-06 19:18:57,831 - ERROR - Ошибка при вставке примерных данных: duplicate key value violates unique constraint "music_genres_slug_key"
DETAIL:  Key (slug)=(hip-hop) already exists.

2025-03-06 19:18:57,832 - INFO - Инициализация базы данных успешно завершена
2025-03-06 19:21:10,652 - INFO - База данных fitbeast уже существует.
2025-03-06 19:21:10,673 - INFO - Таблицы успешно созданы
2025-03-06 19:21:10,685 - ERROR - Ошибка при вставке данных из SQL файла: can't execute an empty query
2025-03-06 19:21:10,694 - ERROR - Ошибка при вставке примерных данных: duplicate key value violates unique constraint "music_genres_slug_key"
DETAIL:  Key (slug)=(hip-hop) already exists.

2025-03-06 19:21:10,694 - INFO - Инициализация базы данных успешно завершена
2025-03-06 19:22:53,678 - INFO - База данных fitbeast уже существует.
2025-03-06 19:22:53,701 - INFO - Таблицы успешно созданы
2025-03-06 19:22:53,712 - ERROR - Ошибка при вставке данных из SQL файла: can't execute an empty query
2025-03-06 19:22:53,721 - ERROR - Ошибка при вставке примерных данных: duplicate key value violates unique constraint "music_genres_slug_key"
DETAIL:  Key (slug)=(hip-hop) already exists.

2025-03-06 19:22:53,721 - INFO - Инициализация базы данных успешно завершена
2025-03-06 19:42:17,862 - INFO - База данных fitbeast уже существует.
2025-03-06 19:42:17,907 - INFO - Таблицы успешно созданы
2025-03-06 19:42:17,922 - ERROR - Ошибка при вставке данных из SQL файла: can't execute an empty query
2025-03-06 19:42:17,935 - ERROR - Ошибка при вставке примерных данных: duplicate key value violates unique constraint "music_genres_slug_key"
DETAIL:  Key (slug)=(hip-hop) already exists.

2025-03-06 19:42:17,936 - INFO - Инициализация базы данных успешно завершена
